2022-04-23 18:47:37,124 [INFO] sqlalchemy.engine.Engine: BEGIN (implicit)
2022-04-23 18:47:37,127 [INFO] sqlalchemy.engine.Engine: SELECT users.is_active AS users_is_active, users.id AS users_id, users.email AS users_email, users.password AS users_password, users.about AS users_about, users.authenticated AS users_authenticated, users.registered_on AS users_registered_on, users.is_admin AS users_is_admin 
FROM users 
WHERE users.email = ?
 LIMIT ? OFFSET ?
2022-04-23 18:47:37,128 [INFO] sqlalchemy.engine.Engine: [generated in 0.00100s] ('nc363@njit.edu', 1, 0)
2022-04-23 18:47:37,275 [INFO] sqlalchemy.engine.Engine: INSERT INTO users (email, password, about, authenticated, registered_on) VALUES (?, ?, ?, ?, ?)
2022-04-23 18:47:37,276 [INFO] sqlalchemy.engine.Engine: [generated in 0.00074s] ('nc363@njit.edu', 'pbkdf2:sha256:260000$D86XQ38lG55KccsL$b173568bb2dd907a73f1015ec5b2ea5ec81e80c5e816a8246f1a818a203972d2', None, 0, '2022-04-23 18:47:37.274171')
2022-04-23 18:47:37,285 [INFO] sqlalchemy.engine.Engine: COMMIT
2022-04-23 18:47:37,409 [INFO] sqlalchemy.engine.Engine: BEGIN (implicit)
2022-04-23 18:47:37,410 [INFO] sqlalchemy.engine.Engine: SELECT users.is_active AS users_is_active, users.id AS users_id, users.email AS users_email, users.password AS users_password, users.about AS users_about, users.authenticated AS users_authenticated, users.registered_on AS users_registered_on, users.is_admin AS users_is_admin 
FROM users 
WHERE users.id = ?
2022-04-23 18:47:37,411 [INFO] sqlalchemy.engine.Engine: [generated in 0.00066s] (1,)
2022-04-23 18:47:37,416 [INFO] sqlalchemy.engine.Engine: UPDATE users SET is_admin=? WHERE users.id = ?
2022-04-23 18:47:37,416 [INFO] sqlalchemy.engine.Engine: [generated in 0.00040s] (1, 1)
2022-04-23 18:47:37,422 [INFO] sqlalchemy.engine.Engine: COMMIT
2022-04-23 18:48:51,062 [INFO] sqlalchemy.engine.Engine: BEGIN (implicit)
2022-04-23 18:48:51,063 [INFO] sqlalchemy.engine.Engine: SELECT users.is_active AS users_is_active, users.id AS users_id, users.email AS users_email, users.password AS users_password, users.about AS users_about, users.authenticated AS users_authenticated, users.registered_on AS users_registered_on, users.is_admin AS users_is_admin 
FROM users 
WHERE users.email = ?
 LIMIT ? OFFSET ?
2022-04-23 18:48:51,063 [INFO] sqlalchemy.engine.Engine: [cached since 73.94s ago] ('nc363@njit.edu', 1, 0)
2022-04-23 18:48:51,069 [INFO] sqlalchemy.engine.Engine: ROLLBACK
2022-04-23 18:48:53,985 [INFO] sqlalchemy.engine.Engine: BEGIN (implicit)
2022-04-23 18:48:53,985 [INFO] sqlalchemy.engine.Engine: SELECT users.is_active AS users_is_active, users.id AS users_id, users.email AS users_email, users.password AS users_password, users.about AS users_about, users.authenticated AS users_authenticated, users.registered_on AS users_registered_on, users.is_admin AS users_is_admin 
FROM users 
WHERE users.email = ?
 LIMIT ? OFFSET ?
2022-04-23 18:48:53,985 [INFO] sqlalchemy.engine.Engine: [cached since 76.86s ago] ('nc363@njit.edu', 1, 0)
2022-04-23 18:48:54,122 [INFO] sqlalchemy.engine.Engine: ROLLBACK
2022-04-23 18:48:57,876 [INFO] sqlalchemy.engine.Engine: BEGIN (implicit)
2022-04-23 18:48:57,877 [INFO] sqlalchemy.engine.Engine: SELECT users.is_active AS users_is_active, users.id AS users_id, users.email AS users_email, users.password AS users_password, users.about AS users_about, users.authenticated AS users_authenticated, users.registered_on AS users_registered_on, users.is_admin AS users_is_admin 
FROM users 
WHERE users.email = ?
 LIMIT ? OFFSET ?
2022-04-23 18:48:57,877 [INFO] sqlalchemy.engine.Engine: [cached since 80.75s ago] ('nc363@njit.edu', 1, 0)
2022-04-23 18:48:58,014 [INFO] sqlalchemy.engine.Engine: ROLLBACK
2022-04-23 18:54:12,970 [INFO] sqlalchemy.engine.Engine: BEGIN (implicit)
2022-04-23 18:54:12,970 [INFO] sqlalchemy.engine.Engine: SELECT users.is_active AS users_is_active, users.id AS users_id, users.email AS users_email, users.password AS users_password, users.about AS users_about, users.authenticated AS users_authenticated, users.registered_on AS users_registered_on, users.is_admin AS users_is_admin 
FROM users 
WHERE users.email = ?
 LIMIT ? OFFSET ?
2022-04-23 18:54:12,971 [INFO] sqlalchemy.engine.Engine: [cached since 395.8s ago] ('nc363@njit.edu', 1, 0)
2022-04-23 18:54:13,111 [INFO] sqlalchemy.engine.Engine: ROLLBACK
2022-04-23 19:00:03,501 [INFO] sqlalchemy.engine.Engine: BEGIN (implicit)
2022-04-23 19:00:03,501 [INFO] sqlalchemy.engine.Engine: SELECT users.is_active AS users_is_active, users.id AS users_id, users.email AS users_email, users.password AS users_password, users.about AS users_about, users.authenticated AS users_authenticated, users.registered_on AS users_registered_on, users.is_admin AS users_is_admin 
FROM users 
WHERE users.email = ?
 LIMIT ? OFFSET ?
2022-04-23 19:00:03,502 [INFO] sqlalchemy.engine.Engine: [cached since 746.4s ago] ('mjv143@scarletmail.rutgers.edu', 1, 0)
2022-04-23 19:00:03,637 [INFO] sqlalchemy.engine.Engine: INSERT INTO users (email, password, about, authenticated, registered_on) VALUES (?, ?, ?, ?, ?)
2022-04-23 19:00:03,638 [INFO] sqlalchemy.engine.Engine: [cached since 746.4s ago] ('mjv143@scarletmail.rutgers.edu', 'pbkdf2:sha256:260000$ZjbawELc2lFSPfXB$ed71cef3f14a86890331652544e3c9c10c047fb2f4d2a928317ecbadf0fb523c', None, 0, '2022-04-23 19:00:03.637102')
2022-04-23 19:00:03,647 [INFO] sqlalchemy.engine.Engine: COMMIT
2022-04-23 19:00:03,755 [INFO] sqlalchemy.engine.Engine: BEGIN (implicit)
2022-04-23 19:00:03,756 [INFO] sqlalchemy.engine.Engine: SELECT users.is_active AS users_is_active, users.id AS users_id, users.email AS users_email, users.password AS users_password, users.about AS users_about, users.authenticated AS users_authenticated, users.registered_on AS users_registered_on, users.is_admin AS users_is_admin 
FROM users 
WHERE users.id = ?
2022-04-23 19:00:03,756 [INFO] sqlalchemy.engine.Engine: [cached since 746.3s ago] (2,)
2022-04-23 19:00:03,760 [INFO] sqlalchemy.engine.Engine: ROLLBACK
2022-04-23 19:00:08,355 [INFO] sqlalchemy.engine.Engine: BEGIN (implicit)
2022-04-23 19:00:08,356 [INFO] sqlalchemy.engine.Engine: SELECT users.is_active AS users_is_active, users.id AS users_id, users.email AS users_email, users.password AS users_password, users.about AS users_about, users.authenticated AS users_authenticated, users.registered_on AS users_registered_on, users.is_admin AS users_is_admin 
FROM users 
WHERE users.email = ?
 LIMIT ? OFFSET ?
2022-04-23 19:00:08,356 [INFO] sqlalchemy.engine.Engine: [cached since 751.2s ago] ('mjv143@scarletmail.rutgers.edu', 1, 0)
2022-04-23 19:00:08,492 [INFO] sqlalchemy.engine.Engine: UPDATE users SET authenticated=? WHERE users.id = ?
2022-04-23 19:00:08,492 [INFO] sqlalchemy.engine.Engine: [generated in 0.00067s] (1, 2)
2022-04-23 19:00:08,499 [INFO] sqlalchemy.engine.Engine: COMMIT
2022-04-23 19:00:08,611 [INFO] sqlalchemy.engine.Engine: BEGIN (implicit)
2022-04-23 19:00:08,612 [INFO] sqlalchemy.engine.Engine: SELECT users.is_active AS users_is_active, users.id AS users_id, users.email AS users_email, users.password AS users_password, users.about AS users_about, users.authenticated AS users_authenticated, users.registered_on AS users_registered_on, users.is_admin AS users_is_admin 
FROM users 
WHERE users.id = ?
2022-04-23 19:00:08,612 [INFO] sqlalchemy.engine.Engine: [cached since 751.2s ago] (2,)
2022-04-23 19:00:08,616 [INFO] sqlalchemy.engine.Engine: ROLLBACK
2022-04-23 19:00:08,626 [INFO] sqlalchemy.engine.Engine: BEGIN (implicit)
2022-04-23 19:00:08,627 [INFO] sqlalchemy.engine.Engine: SELECT users.is_active AS users_is_active, users.id AS users_id, users.email AS users_email, users.password AS users_password, users.about AS users_about, users.authenticated AS users_authenticated, users.registered_on AS users_registered_on, users.is_admin AS users_is_admin 
FROM users 
WHERE users.id = ?
2022-04-23 19:00:08,628 [INFO] sqlalchemy.engine.Engine: [generated in 0.00034s] (2,)
2022-04-23 19:00:08,646 [INFO] sqlalchemy.engine.Engine: ROLLBACK
2022-04-23 19:00:08,728 [INFO] sqlalchemy.engine.Engine: BEGIN (implicit)
2022-04-23 19:00:08,728 [INFO] sqlalchemy.engine.Engine: SELECT users.is_active AS users_is_active, users.id AS users_id, users.email AS users_email, users.password AS users_password, users.about AS users_about, users.authenticated AS users_authenticated, users.registered_on AS users_registered_on, users.is_admin AS users_is_admin 
FROM users 
WHERE users.id = ?
2022-04-23 19:00:08,729 [INFO] sqlalchemy.engine.Engine: [cached since 0.1019s ago] (2,)
2022-04-23 19:00:28,961 [INFO] sqlalchemy.engine.Engine: ROLLBACK
2022-04-23 19:00:28,973 [INFO] sqlalchemy.engine.Engine: BEGIN (implicit)
2022-04-23 19:00:28,974 [INFO] sqlalchemy.engine.Engine: SELECT users.is_active AS users_is_active, users.id AS users_id, users.email AS users_email, users.password AS users_password, users.about AS users_about, users.authenticated AS users_authenticated, users.registered_on AS users_registered_on, users.is_admin AS users_is_admin 
FROM users 
WHERE users.id = ?
2022-04-23 19:00:28,974 [INFO] sqlalchemy.engine.Engine: [cached since 20.35s ago] (2,)
2022-04-23 19:00:28,998 [INFO] sqlalchemy.engine.Engine: ROLLBACK
2022-04-23 19:00:29,079 [INFO] sqlalchemy.engine.Engine: BEGIN (implicit)
2022-04-23 19:00:29,079 [INFO] sqlalchemy.engine.Engine: SELECT users.is_active AS users_is_active, users.id AS users_id, users.email AS users_email, users.password AS users_password, users.about AS users_about, users.authenticated AS users_authenticated, users.registered_on AS users_registered_on, users.is_admin AS users_is_admin 
FROM users 
WHERE users.id = ?
2022-04-23 19:00:29,080 [INFO] sqlalchemy.engine.Engine: [cached since 20.45s ago] (2,)
2022-04-23 19:00:40,756 [INFO] sqlalchemy.engine.Engine: ROLLBACK
2022-04-23 19:00:40,764 [INFO] sqlalchemy.engine.Engine: BEGIN (implicit)
2022-04-23 19:00:40,764 [INFO] sqlalchemy.engine.Engine: SELECT users.is_active AS users_is_active, users.id AS users_id, users.email AS users_email, users.password AS users_password, users.about AS users_about, users.authenticated AS users_authenticated, users.registered_on AS users_registered_on, users.is_admin AS users_is_admin 
FROM users 
WHERE users.id = ?
2022-04-23 19:00:40,765 [INFO] sqlalchemy.engine.Engine: [cached since 32.14s ago] (2,)
2022-04-23 19:00:40,769 [INFO] sqlalchemy.engine.Engine: UPDATE users SET about=? WHERE users.id = ?
2022-04-23 19:00:40,770 [INFO] sqlalchemy.engine.Engine: [generated in 0.00035s] ('I love nick', 2)
2022-04-23 19:00:40,777 [INFO] sqlalchemy.engine.Engine: COMMIT
2022-04-23 19:00:40,918 [INFO] sqlalchemy.engine.Engine: BEGIN (implicit)
2022-04-23 19:00:40,919 [INFO] sqlalchemy.engine.Engine: SELECT users.is_active AS users_is_active, users.id AS users_id, users.email AS users_email, users.password AS users_password, users.about AS users_about, users.authenticated AS users_authenticated, users.registered_on AS users_registered_on, users.is_admin AS users_is_admin 
FROM users 
WHERE users.id = ?
2022-04-23 19:00:40,919 [INFO] sqlalchemy.engine.Engine: [cached since 32.29s ago] (2,)
2022-04-23 19:00:40,927 [INFO] sqlalchemy.engine.Engine: ROLLBACK
2022-04-23 19:00:41,008 [INFO] sqlalchemy.engine.Engine: BEGIN (implicit)
2022-04-23 19:00:41,009 [INFO] sqlalchemy.engine.Engine: SELECT users.is_active AS users_is_active, users.id AS users_id, users.email AS users_email, users.password AS users_password, users.about AS users_about, users.authenticated AS users_authenticated, users.registered_on AS users_registered_on, users.is_admin AS users_is_admin 
FROM users 
WHERE users.id = ?
2022-04-23 19:00:41,010 [INFO] sqlalchemy.engine.Engine: [cached since 32.38s ago] (2,)
2022-04-23 19:00:45,768 [INFO] sqlalchemy.engine.Engine: ROLLBACK
2022-04-23 19:00:45,774 [INFO] sqlalchemy.engine.Engine: BEGIN (implicit)
2022-04-23 19:00:45,774 [INFO] sqlalchemy.engine.Engine: SELECT users.is_active AS users_is_active, users.id AS users_id, users.email AS users_email, users.password AS users_password, users.about AS users_about, users.authenticated AS users_authenticated, users.registered_on AS users_registered_on, users.is_admin AS users_is_admin 
FROM users 
WHERE users.id = ?
2022-04-23 19:00:45,774 [INFO] sqlalchemy.engine.Engine: [cached since 37.15s ago] (2,)
2022-04-23 19:00:45,798 [INFO] sqlalchemy.engine.Engine: ROLLBACK
2022-04-23 19:00:45,872 [INFO] sqlalchemy.engine.Engine: BEGIN (implicit)
2022-04-23 19:00:45,873 [INFO] sqlalchemy.engine.Engine: SELECT users.is_active AS users_is_active, users.id AS users_id, users.email AS users_email, users.password AS users_password, users.about AS users_about, users.authenticated AS users_authenticated, users.registered_on AS users_registered_on, users.is_admin AS users_is_admin 
FROM users 
WHERE users.id = ?
2022-04-23 19:00:45,873 [INFO] sqlalchemy.engine.Engine: [cached since 37.25s ago] (2,)
2022-04-23 19:00:53,896 [INFO] sqlalchemy.engine.Engine: ROLLBACK
2022-04-23 19:00:53,905 [INFO] sqlalchemy.engine.Engine: BEGIN (implicit)
2022-04-23 19:00:53,905 [INFO] sqlalchemy.engine.Engine: SELECT users.is_active AS users_is_active, users.id AS users_id, users.email AS users_email, users.password AS users_password, users.about AS users_about, users.authenticated AS users_authenticated, users.registered_on AS users_registered_on, users.is_admin AS users_is_admin 
FROM users 
WHERE users.id = ?
2022-04-23 19:00:53,905 [INFO] sqlalchemy.engine.Engine: [cached since 45.28s ago] (2,)
2022-04-23 19:00:53,913 [INFO] sqlalchemy.engine.Engine: ROLLBACK
2022-04-23 19:00:54,020 [INFO] sqlalchemy.engine.Engine: BEGIN (implicit)
2022-04-23 19:00:54,021 [INFO] sqlalchemy.engine.Engine: SELECT users.is_active AS users_is_active, users.id AS users_id, users.email AS users_email, users.password AS users_password, users.about AS users_about, users.authenticated AS users_authenticated, users.registered_on AS users_registered_on, users.is_admin AS users_is_admin 
FROM users 
WHERE users.id = ?
2022-04-23 19:00:54,021 [INFO] sqlalchemy.engine.Engine: [cached since 45.39s ago] (2,)
2022-04-23 19:23:04,375 [INFO] sqlalchemy.engine.Engine: BEGIN (implicit)
2022-04-23 19:23:04,378 [INFO] sqlalchemy.engine.Engine: SELECT users.is_active AS users_is_active, users.id AS users_id, users.email AS users_email, users.password AS users_password, users.about AS users_about, users.authenticated AS users_authenticated, users.registered_on AS users_registered_on, users.is_admin AS users_is_admin 
FROM users 
WHERE users.id = ?
2022-04-23 19:23:04,378 [INFO] sqlalchemy.engine.Engine: [generated in 0.00052s] (2,)
2022-04-23 19:23:04,571 [INFO] sqlalchemy.engine.Engine: ROLLBACK
2022-04-23 19:23:13,919 [INFO] sqlalchemy.engine.Engine: BEGIN (implicit)
2022-04-23 19:23:13,919 [INFO] sqlalchemy.engine.Engine: SELECT users.is_active AS users_is_active, users.id AS users_id, users.email AS users_email, users.password AS users_password, users.about AS users_about, users.authenticated AS users_authenticated, users.registered_on AS users_registered_on, users.is_admin AS users_is_admin 
FROM users 
WHERE users.id = ?
2022-04-23 19:23:13,920 [INFO] sqlalchemy.engine.Engine: [cached since 9.542s ago] (2,)
2022-04-23 19:23:13,944 [INFO] sqlalchemy.engine.Engine: ROLLBACK
2022-04-23 19:23:14,053 [INFO] sqlalchemy.engine.Engine: BEGIN (implicit)
2022-04-23 19:23:14,054 [INFO] sqlalchemy.engine.Engine: SELECT users.is_active AS users_is_active, users.id AS users_id, users.email AS users_email, users.password AS users_password, users.about AS users_about, users.authenticated AS users_authenticated, users.registered_on AS users_registered_on, users.is_admin AS users_is_admin 
FROM users 
WHERE users.id = ?
2022-04-23 19:23:14,054 [INFO] sqlalchemy.engine.Engine: [cached since 9.676s ago] (2,)
2022-04-23 19:23:17,308 [INFO] sqlalchemy.engine.Engine: ROLLBACK
2022-04-23 19:23:17,316 [INFO] sqlalchemy.engine.Engine: BEGIN (implicit)
2022-04-23 19:23:17,317 [INFO] sqlalchemy.engine.Engine: SELECT users.is_active AS users_is_active, users.id AS users_id, users.email AS users_email, users.password AS users_password, users.about AS users_about, users.authenticated AS users_authenticated, users.registered_on AS users_registered_on, users.is_admin AS users_is_admin 
FROM users 
WHERE users.id = ?
2022-04-23 19:23:17,317 [INFO] sqlalchemy.engine.Engine: [cached since 12.94s ago] (2,)
2022-04-23 19:23:17,335 [INFO] sqlalchemy.engine.Engine: ROLLBACK
2022-04-23 19:23:17,413 [INFO] sqlalchemy.engine.Engine: BEGIN (implicit)
2022-04-23 19:23:17,414 [INFO] sqlalchemy.engine.Engine: SELECT users.is_active AS users_is_active, users.id AS users_id, users.email AS users_email, users.password AS users_password, users.about AS users_about, users.authenticated AS users_authenticated, users.registered_on AS users_registered_on, users.is_admin AS users_is_admin 
FROM users 
WHERE users.id = ?
2022-04-23 19:23:17,414 [INFO] sqlalchemy.engine.Engine: [cached since 13.04s ago] (2,)
2022-04-23 19:23:19,586 [INFO] sqlalchemy.engine.Engine: ROLLBACK
2022-04-23 19:23:19,591 [INFO] sqlalchemy.engine.Engine: BEGIN (implicit)
2022-04-23 19:23:19,592 [INFO] sqlalchemy.engine.Engine: SELECT users.is_active AS users_is_active, users.id AS users_id, users.email AS users_email, users.password AS users_password, users.about AS users_about, users.authenticated AS users_authenticated, users.registered_on AS users_registered_on, users.is_admin AS users_is_admin 
FROM users 
WHERE users.id = ?
2022-04-23 19:23:19,592 [INFO] sqlalchemy.engine.Engine: [cached since 15.21s ago] (2,)
2022-04-23 19:23:19,597 [INFO] sqlalchemy.engine.Engine: UPDATE users SET authenticated=? WHERE users.id = ?
2022-04-23 19:23:19,597 [INFO] sqlalchemy.engine.Engine: [generated in 0.00059s] (0, 2)
2022-04-23 19:23:19,603 [INFO] sqlalchemy.engine.Engine: COMMIT
2022-04-23 19:23:55,392 [INFO] sqlalchemy.engine.Engine: BEGIN (implicit)
2022-04-23 19:23:55,394 [INFO] sqlalchemy.engine.Engine: SELECT users.is_active AS users_is_active, users.id AS users_id, users.email AS users_email, users.password AS users_password, users.about AS users_about, users.authenticated AS users_authenticated, users.registered_on AS users_registered_on, users.is_admin AS users_is_admin 
FROM users 
WHERE users.email = ?
 LIMIT ? OFFSET ?
2022-04-23 19:23:55,394 [INFO] sqlalchemy.engine.Engine: [generated in 0.00048s] ('nc363@njit.edu', 1, 0)
2022-04-23 19:23:55,532 [INFO] sqlalchemy.engine.Engine: ROLLBACK
2022-04-23 19:24:20,030 [INFO] sqlalchemy.engine.Engine: BEGIN (implicit)
2022-04-23 19:24:20,030 [INFO] sqlalchemy.engine.Engine: SELECT users.is_active AS users_is_active, users.id AS users_id, users.email AS users_email, users.password AS users_password, users.about AS users_about, users.authenticated AS users_authenticated, users.registered_on AS users_registered_on, users.is_admin AS users_is_admin 
FROM users 
WHERE users.email = ?
 LIMIT ? OFFSET ?
2022-04-23 19:24:20,031 [INFO] sqlalchemy.engine.Engine: [cached since 24.64s ago] ('nc363@njit.edu', 1, 0)
2022-04-23 19:24:20,035 [INFO] sqlalchemy.engine.Engine: ROLLBACK
2022-04-23 19:24:24,678 [INFO] sqlalchemy.engine.Engine: BEGIN (implicit)
2022-04-23 19:24:24,679 [INFO] sqlalchemy.engine.Engine: SELECT users.is_active AS users_is_active, users.id AS users_id, users.email AS users_email, users.password AS users_password, users.about AS users_about, users.authenticated AS users_authenticated, users.registered_on AS users_registered_on, users.is_admin AS users_is_admin 
FROM users 
WHERE users.email = ?
 LIMIT ? OFFSET ?
2022-04-23 19:24:24,679 [INFO] sqlalchemy.engine.Engine: [cached since 29.29s ago] ('nc363@njit.edu', 1, 0)
2022-04-23 19:24:24,816 [INFO] sqlalchemy.engine.Engine: ROLLBACK
2022-04-23 19:24:26,540 [INFO] sqlalchemy.engine.Engine: BEGIN (implicit)
2022-04-23 19:24:26,541 [INFO] sqlalchemy.engine.Engine: SELECT users.is_active AS users_is_active, users.id AS users_id, users.email AS users_email, users.password AS users_password, users.about AS users_about, users.authenticated AS users_authenticated, users.registered_on AS users_registered_on, users.is_admin AS users_is_admin 
FROM users 
WHERE users.email = ?
 LIMIT ? OFFSET ?
2022-04-23 19:24:26,541 [INFO] sqlalchemy.engine.Engine: [cached since 31.15s ago] ('nc363@njit.edu', 1, 0)
2022-04-23 19:24:26,677 [INFO] sqlalchemy.engine.Engine: ROLLBACK
2022-04-23 19:24:36,488 [INFO] sqlalchemy.engine.Engine: BEGIN (implicit)
2022-04-23 19:24:36,489 [INFO] sqlalchemy.engine.Engine: SELECT users.is_active AS users_is_active, users.id AS users_id, users.email AS users_email, users.password AS users_password, users.about AS users_about, users.authenticated AS users_authenticated, users.registered_on AS users_registered_on, users.is_admin AS users_is_admin 
FROM users 
WHERE users.email = ?
 LIMIT ? OFFSET ?
2022-04-23 19:24:36,489 [INFO] sqlalchemy.engine.Engine: [cached since 41.1s ago] ('nc363@njit.edu', 1, 0)
2022-04-23 19:24:36,627 [INFO] sqlalchemy.engine.Engine: ROLLBACK
2022-04-23 19:25:14,324 [INFO] sqlalchemy.engine.Engine: BEGIN (implicit)
2022-04-23 19:25:14,325 [INFO] sqlalchemy.engine.Engine: SELECT users.is_active AS users_is_active, users.id AS users_id, users.email AS users_email, users.password AS users_password, users.about AS users_about, users.authenticated AS users_authenticated, users.registered_on AS users_registered_on, users.is_admin AS users_is_admin 
FROM users 
WHERE users.email = ?
 LIMIT ? OFFSET ?
2022-04-23 19:25:14,325 [INFO] sqlalchemy.engine.Engine: [cached since 78.93s ago] ('nicktuga13@gmail.com', 1, 0)
2022-04-23 19:25:14,462 [INFO] sqlalchemy.engine.Engine: INSERT INTO users (email, password, about, authenticated, registered_on) VALUES (?, ?, ?, ?, ?)
2022-04-23 19:25:14,462 [INFO] sqlalchemy.engine.Engine: [generated in 0.00069s] ('nicktuga13@gmail.com', 'pbkdf2:sha256:260000$cB1oKnTHAoYlNuas$50f81370a7e0a125d9da580940473ee9ccf7a44018d2df06d065eb37db37039f', None, 0, '2022-04-23 19:25:14.460939')
2022-04-23 19:25:14,473 [INFO] sqlalchemy.engine.Engine: COMMIT
2022-04-23 19:25:15,027 [INFO] sqlalchemy.engine.Engine: BEGIN (implicit)
2022-04-23 19:25:15,028 [INFO] sqlalchemy.engine.Engine: SELECT users.is_active AS users_is_active, users.id AS users_id, users.email AS users_email, users.password AS users_password, users.about AS users_about, users.authenticated AS users_authenticated, users.registered_on AS users_registered_on, users.is_admin AS users_is_admin 
FROM users 
WHERE users.id = ?
2022-04-23 19:25:15,029 [INFO] sqlalchemy.engine.Engine: [generated in 0.00036s] (3,)
2022-04-23 19:25:15,033 [INFO] sqlalchemy.engine.Engine: ROLLBACK
2022-04-23 19:25:18,398 [INFO] sqlalchemy.engine.Engine: BEGIN (implicit)
2022-04-23 19:25:18,399 [INFO] sqlalchemy.engine.Engine: SELECT users.is_active AS users_is_active, users.id AS users_id, users.email AS users_email, users.password AS users_password, users.about AS users_about, users.authenticated AS users_authenticated, users.registered_on AS users_registered_on, users.is_admin AS users_is_admin 
FROM users 
WHERE users.email = ?
 LIMIT ? OFFSET ?
2022-04-23 19:25:18,399 [INFO] sqlalchemy.engine.Engine: [cached since 83.01s ago] ('nicktuga13@gmail.com', 1, 0)
2022-04-23 19:25:18,535 [INFO] sqlalchemy.engine.Engine: UPDATE users SET authenticated=? WHERE users.id = ?
2022-04-23 19:25:18,536 [INFO] sqlalchemy.engine.Engine: [cached since 118.9s ago] (1, 3)
2022-04-23 19:25:18,542 [INFO] sqlalchemy.engine.Engine: COMMIT
2022-04-23 19:25:18,656 [INFO] sqlalchemy.engine.Engine: BEGIN (implicit)
2022-04-23 19:25:18,657 [INFO] sqlalchemy.engine.Engine: SELECT users.is_active AS users_is_active, users.id AS users_id, users.email AS users_email, users.password AS users_password, users.about AS users_about, users.authenticated AS users_authenticated, users.registered_on AS users_registered_on, users.is_admin AS users_is_admin 
FROM users 
WHERE users.id = ?
2022-04-23 19:25:18,657 [INFO] sqlalchemy.engine.Engine: [cached since 3.629s ago] (3,)
2022-04-23 19:25:18,661 [INFO] sqlalchemy.engine.Engine: ROLLBACK
2022-04-23 19:25:18,673 [INFO] sqlalchemy.engine.Engine: BEGIN (implicit)
2022-04-23 19:25:18,673 [INFO] sqlalchemy.engine.Engine: SELECT users.is_active AS users_is_active, users.id AS users_id, users.email AS users_email, users.password AS users_password, users.about AS users_about, users.authenticated AS users_authenticated, users.registered_on AS users_registered_on, users.is_admin AS users_is_admin 
FROM users 
WHERE users.id = ?
2022-04-23 19:25:18,674 [INFO] sqlalchemy.engine.Engine: [cached since 134.3s ago] (3,)
2022-04-23 19:25:18,697 [INFO] sqlalchemy.engine.Engine: ROLLBACK
2022-04-23 19:25:18,775 [INFO] sqlalchemy.engine.Engine: BEGIN (implicit)
2022-04-23 19:25:18,776 [INFO] sqlalchemy.engine.Engine: SELECT users.is_active AS users_is_active, users.id AS users_id, users.email AS users_email, users.password AS users_password, users.about AS users_about, users.authenticated AS users_authenticated, users.registered_on AS users_registered_on, users.is_admin AS users_is_admin 
FROM users 
WHERE users.id = ?
2022-04-23 19:25:18,777 [INFO] sqlalchemy.engine.Engine: [cached since 134.4s ago] (3,)
2022-04-23 19:26:52,049 [INFO] sqlalchemy.engine.Engine: ROLLBACK
2022-04-23 19:26:52,056 [INFO] sqlalchemy.engine.Engine: BEGIN (implicit)
2022-04-23 19:26:52,057 [INFO] sqlalchemy.engine.Engine: SELECT users.is_active AS users_is_active, users.id AS users_id, users.email AS users_email, users.password AS users_password, users.about AS users_about, users.authenticated AS users_authenticated, users.registered_on AS users_registered_on, users.is_admin AS users_is_admin 
FROM users 
WHERE users.id = ?
2022-04-23 19:26:52,058 [INFO] sqlalchemy.engine.Engine: [cached since 227.7s ago] (3,)
2022-04-23 19:26:52,067 [INFO] sqlalchemy.engine.Engine: ROLLBACK
2022-04-23 19:26:52,146 [INFO] sqlalchemy.engine.Engine: BEGIN (implicit)
2022-04-23 19:26:52,147 [INFO] sqlalchemy.engine.Engine: SELECT users.is_active AS users_is_active, users.id AS users_id, users.email AS users_email, users.password AS users_password, users.about AS users_about, users.authenticated AS users_authenticated, users.registered_on AS users_registered_on, users.is_admin AS users_is_admin 
FROM users 
WHERE users.id = ?
2022-04-23 19:26:52,147 [INFO] sqlalchemy.engine.Engine: [cached since 227.8s ago] (3,)
2022-04-23 19:26:58,535 [INFO] sqlalchemy.engine.Engine: ROLLBACK
2022-04-23 19:26:58,543 [INFO] sqlalchemy.engine.Engine: BEGIN (implicit)
2022-04-23 19:26:58,543 [INFO] sqlalchemy.engine.Engine: SELECT users.is_active AS users_is_active, users.id AS users_id, users.email AS users_email, users.password AS users_password, users.about AS users_about, users.authenticated AS users_authenticated, users.registered_on AS users_registered_on, users.is_admin AS users_is_admin 
FROM users 
WHERE users.id = ?
2022-04-23 19:26:58,544 [INFO] sqlalchemy.engine.Engine: [cached since 234.2s ago] (3,)
2022-04-23 19:26:58,564 [INFO] sqlalchemy.engine.Engine: ROLLBACK
2022-04-23 19:26:58,636 [INFO] sqlalchemy.engine.Engine: BEGIN (implicit)
2022-04-23 19:26:58,636 [INFO] sqlalchemy.engine.Engine: SELECT users.is_active AS users_is_active, users.id AS users_id, users.email AS users_email, users.password AS users_password, users.about AS users_about, users.authenticated AS users_authenticated, users.registered_on AS users_registered_on, users.is_admin AS users_is_admin 
FROM users 
WHERE users.id = ?
2022-04-23 19:26:58,637 [INFO] sqlalchemy.engine.Engine: [cached since 234.3s ago] (3,)
2022-04-23 19:27:12,349 [INFO] sqlalchemy.engine.Engine: ROLLBACK
2022-04-23 19:27:12,358 [INFO] sqlalchemy.engine.Engine: BEGIN (implicit)
2022-04-23 19:27:12,359 [INFO] sqlalchemy.engine.Engine: SELECT users.is_active AS users_is_active, users.id AS users_id, users.email AS users_email, users.password AS users_password, users.about AS users_about, users.authenticated AS users_authenticated, users.registered_on AS users_registered_on, users.is_admin AS users_is_admin 
FROM users 
WHERE users.id = ?
2022-04-23 19:27:12,359 [INFO] sqlalchemy.engine.Engine: [cached since 248s ago] (3,)
2022-04-23 19:27:12,364 [INFO] sqlalchemy.engine.Engine: UPDATE users SET about=? WHERE users.id = ?
2022-04-23 19:27:12,364 [INFO] sqlalchemy.engine.Engine: [generated in 0.00043s] ('Its running here but not heroku', 3)
2022-04-23 19:27:12,371 [INFO] sqlalchemy.engine.Engine: COMMIT
2022-04-23 19:27:13,204 [INFO] sqlalchemy.engine.Engine: BEGIN (implicit)
2022-04-23 19:27:13,204 [INFO] sqlalchemy.engine.Engine: SELECT users.is_active AS users_is_active, users.id AS users_id, users.email AS users_email, users.password AS users_password, users.about AS users_about, users.authenticated AS users_authenticated, users.registered_on AS users_registered_on, users.is_admin AS users_is_admin 
FROM users 
WHERE users.id = ?
2022-04-23 19:27:13,205 [INFO] sqlalchemy.engine.Engine: [cached since 248.8s ago] (3,)
2022-04-23 19:27:13,216 [INFO] sqlalchemy.engine.Engine: ROLLBACK
2022-04-23 19:27:13,304 [INFO] sqlalchemy.engine.Engine: BEGIN (implicit)
2022-04-23 19:27:13,305 [INFO] sqlalchemy.engine.Engine: SELECT users.is_active AS users_is_active, users.id AS users_id, users.email AS users_email, users.password AS users_password, users.about AS users_about, users.authenticated AS users_authenticated, users.registered_on AS users_registered_on, users.is_admin AS users_is_admin 
FROM users 
WHERE users.id = ?
2022-04-23 19:27:13,305 [INFO] sqlalchemy.engine.Engine: [cached since 248.9s ago] (3,)
2022-04-23 19:27:25,965 [INFO] sqlalchemy.engine.Engine: ROLLBACK
2022-04-23 19:27:25,971 [INFO] sqlalchemy.engine.Engine: BEGIN (implicit)
2022-04-23 19:27:25,972 [INFO] sqlalchemy.engine.Engine: SELECT users.is_active AS users_is_active, users.id AS users_id, users.email AS users_email, users.password AS users_password, users.about AS users_about, users.authenticated AS users_authenticated, users.registered_on AS users_registered_on, users.is_admin AS users_is_admin 
FROM users 
WHERE users.id = ?
2022-04-23 19:27:25,972 [INFO] sqlalchemy.engine.Engine: [cached since 261.6s ago] (3,)
2022-04-23 19:27:25,981 [INFO] sqlalchemy.engine.Engine: ROLLBACK
2022-04-23 19:27:26,058 [INFO] sqlalchemy.engine.Engine: BEGIN (implicit)
2022-04-23 19:27:26,058 [INFO] sqlalchemy.engine.Engine: SELECT users.is_active AS users_is_active, users.id AS users_id, users.email AS users_email, users.password AS users_password, users.about AS users_about, users.authenticated AS users_authenticated, users.registered_on AS users_registered_on, users.is_admin AS users_is_admin 
FROM users 
WHERE users.id = ?
2022-04-23 19:27:26,059 [INFO] sqlalchemy.engine.Engine: [cached since 261.7s ago] (3,)
2022-04-23 19:27:30,132 [INFO] sqlalchemy.engine.Engine: ROLLBACK
2022-04-23 19:27:30,141 [INFO] sqlalchemy.engine.Engine: BEGIN (implicit)
2022-04-23 19:27:30,142 [INFO] sqlalchemy.engine.Engine: SELECT users.is_active AS users_is_active, users.id AS users_id, users.email AS users_email, users.password AS users_password, users.about AS users_about, users.authenticated AS users_authenticated, users.registered_on AS users_registered_on, users.is_admin AS users_is_admin 
FROM users 
WHERE users.id = ?
2022-04-23 19:27:30,143 [INFO] sqlalchemy.engine.Engine: [cached since 265.8s ago] (3,)
2022-04-23 19:27:30,364 [INFO] sqlalchemy.engine.Engine: ROLLBACK
2022-04-23 19:27:30,467 [INFO] sqlalchemy.engine.Engine: BEGIN (implicit)
2022-04-23 19:27:30,468 [INFO] sqlalchemy.engine.Engine: SELECT users.is_active AS users_is_active, users.id AS users_id, users.email AS users_email, users.password AS users_password, users.about AS users_about, users.authenticated AS users_authenticated, users.registered_on AS users_registered_on, users.is_admin AS users_is_admin 
FROM users 
WHERE users.id = ?
2022-04-23 19:27:30,469 [INFO] sqlalchemy.engine.Engine: [cached since 266.1s ago] (3,)
2022-04-23 19:27:33,509 [INFO] sqlalchemy.engine.Engine: ROLLBACK
2022-04-23 19:27:33,520 [INFO] sqlalchemy.engine.Engine: BEGIN (implicit)
2022-04-23 19:27:33,521 [INFO] sqlalchemy.engine.Engine: SELECT users.is_active AS users_is_active, users.id AS users_id, users.email AS users_email, users.password AS users_password, users.about AS users_about, users.authenticated AS users_authenticated, users.registered_on AS users_registered_on, users.is_admin AS users_is_admin 
FROM users 
WHERE users.id = ?
2022-04-23 19:27:33,522 [INFO] sqlalchemy.engine.Engine: [cached since 269.1s ago] (3,)
2022-04-23 19:27:33,532 [INFO] sqlalchemy.engine.Engine: ROLLBACK
2022-04-23 19:27:33,631 [INFO] sqlalchemy.engine.Engine: BEGIN (implicit)
2022-04-23 19:27:33,631 [INFO] sqlalchemy.engine.Engine: SELECT users.is_active AS users_is_active, users.id AS users_id, users.email AS users_email, users.password AS users_password, users.about AS users_about, users.authenticated AS users_authenticated, users.registered_on AS users_registered_on, users.is_admin AS users_is_admin 
FROM users 
WHERE users.id = ?
2022-04-23 19:27:33,632 [INFO] sqlalchemy.engine.Engine: [cached since 269.3s ago] (3,)
2022-04-23 19:27:34,457 [INFO] sqlalchemy.engine.Engine: ROLLBACK
2022-04-23 19:27:34,467 [INFO] sqlalchemy.engine.Engine: BEGIN (implicit)
2022-04-23 19:27:34,467 [INFO] sqlalchemy.engine.Engine: SELECT users.is_active AS users_is_active, users.id AS users_id, users.email AS users_email, users.password AS users_password, users.about AS users_about, users.authenticated AS users_authenticated, users.registered_on AS users_registered_on, users.is_admin AS users_is_admin 
FROM users 
WHERE users.id = ?
2022-04-23 19:27:34,468 [INFO] sqlalchemy.engine.Engine: [cached since 270.1s ago] (3,)
2022-04-23 19:27:34,477 [INFO] sqlalchemy.engine.Engine: ROLLBACK
2022-04-23 19:27:34,556 [INFO] sqlalchemy.engine.Engine: BEGIN (implicit)
2022-04-23 19:27:34,557 [INFO] sqlalchemy.engine.Engine: SELECT users.is_active AS users_is_active, users.id AS users_id, users.email AS users_email, users.password AS users_password, users.about AS users_about, users.authenticated AS users_authenticated, users.registered_on AS users_registered_on, users.is_admin AS users_is_admin 
FROM users 
WHERE users.id = ?
2022-04-23 19:27:34,558 [INFO] sqlalchemy.engine.Engine: [cached since 270.2s ago] (3,)
2022-04-23 19:27:36,235 [INFO] sqlalchemy.engine.Engine: ROLLBACK
2022-04-23 19:27:36,244 [INFO] sqlalchemy.engine.Engine: BEGIN (implicit)
2022-04-23 19:27:36,244 [INFO] sqlalchemy.engine.Engine: SELECT users.is_active AS users_is_active, users.id AS users_id, users.email AS users_email, users.password AS users_password, users.about AS users_about, users.authenticated AS users_authenticated, users.registered_on AS users_registered_on, users.is_admin AS users_is_admin 
FROM users 
WHERE users.id = ?
2022-04-23 19:27:36,245 [INFO] sqlalchemy.engine.Engine: [cached since 271.9s ago] (3,)
2022-04-23 19:27:36,256 [INFO] sqlalchemy.engine.Engine: ROLLBACK
2022-04-23 19:27:37,746 [INFO] sqlalchemy.engine.Engine: BEGIN (implicit)
2022-04-23 19:27:37,747 [INFO] sqlalchemy.engine.Engine: SELECT users.is_active AS users_is_active, users.id AS users_id, users.email AS users_email, users.password AS users_password, users.about AS users_about, users.authenticated AS users_authenticated, users.registered_on AS users_registered_on, users.is_admin AS users_is_admin 
FROM users 
WHERE users.id = ?
2022-04-23 19:27:37,747 [INFO] sqlalchemy.engine.Engine: [cached since 273.4s ago] (3,)
2022-04-23 19:27:37,757 [INFO] sqlalchemy.engine.Engine: ROLLBACK
2022-04-23 19:27:37,832 [INFO] sqlalchemy.engine.Engine: BEGIN (implicit)
2022-04-23 19:27:37,833 [INFO] sqlalchemy.engine.Engine: SELECT users.is_active AS users_is_active, users.id AS users_id, users.email AS users_email, users.password AS users_password, users.about AS users_about, users.authenticated AS users_authenticated, users.registered_on AS users_registered_on, users.is_admin AS users_is_admin 
FROM users 
WHERE users.id = ?
2022-04-23 19:27:37,833 [INFO] sqlalchemy.engine.Engine: [cached since 273.5s ago] (3,)
2022-04-23 20:01:10,933 [INFO] sqlalchemy.engine.Engine: BEGIN (implicit)
2022-04-23 20:01:10,936 [INFO] sqlalchemy.engine.Engine: SELECT users.is_active AS users_is_active, users.id AS users_id, users.email AS users_email, users.password AS users_password, users.about AS users_about, users.authenticated AS users_authenticated, users.registered_on AS users_registered_on, users.is_admin AS users_is_admin 
FROM users 
WHERE users.id = ?
2022-04-23 20:01:10,936 [INFO] sqlalchemy.engine.Engine: [generated in 0.00053s] (3,)
2022-04-23 20:01:11,115 [INFO] sqlalchemy.engine.Engine: ROLLBACK
2022-04-23 20:01:11,196 [INFO] sqlalchemy.engine.Engine: BEGIN (implicit)
2022-04-23 20:01:11,196 [INFO] sqlalchemy.engine.Engine: SELECT users.is_active AS users_is_active, users.id AS users_id, users.email AS users_email, users.password AS users_password, users.about AS users_about, users.authenticated AS users_authenticated, users.registered_on AS users_registered_on, users.is_admin AS users_is_admin 
FROM users 
WHERE users.id = ?
2022-04-23 20:01:11,196 [INFO] sqlalchemy.engine.Engine: [cached since 0.2607s ago] (3,)
2022-04-23 20:01:12,741 [INFO] sqlalchemy.engine.Engine: ROLLBACK
2022-04-23 20:01:12,749 [INFO] sqlalchemy.engine.Engine: BEGIN (implicit)
2022-04-23 20:01:12,749 [INFO] sqlalchemy.engine.Engine: SELECT users.is_active AS users_is_active, users.id AS users_id, users.email AS users_email, users.password AS users_password, users.about AS users_about, users.authenticated AS users_authenticated, users.registered_on AS users_registered_on, users.is_admin AS users_is_admin 
FROM users 
WHERE users.id = ?
2022-04-23 20:01:12,750 [INFO] sqlalchemy.engine.Engine: [cached since 1.814s ago] (3,)
2022-04-23 20:01:12,778 [INFO] sqlalchemy.engine.Engine: ROLLBACK
2022-04-23 20:01:12,987 [INFO] sqlalchemy.engine.Engine: BEGIN (implicit)
2022-04-23 20:01:12,988 [INFO] sqlalchemy.engine.Engine: SELECT users.is_active AS users_is_active, users.id AS users_id, users.email AS users_email, users.password AS users_password, users.about AS users_about, users.authenticated AS users_authenticated, users.registered_on AS users_registered_on, users.is_admin AS users_is_admin 
FROM users 
WHERE users.id = ?
2022-04-23 20:01:12,988 [INFO] sqlalchemy.engine.Engine: [cached since 2.053s ago] (3,)
2022-04-23 20:01:13,503 [INFO] sqlalchemy.engine.Engine: ROLLBACK
2022-04-23 20:01:13,509 [INFO] sqlalchemy.engine.Engine: BEGIN (implicit)
2022-04-23 20:01:13,509 [INFO] sqlalchemy.engine.Engine: SELECT users.is_active AS users_is_active, users.id AS users_id, users.email AS users_email, users.password AS users_password, users.about AS users_about, users.authenticated AS users_authenticated, users.registered_on AS users_registered_on, users.is_admin AS users_is_admin 
FROM users 
WHERE users.id = ?
2022-04-23 20:01:13,509 [INFO] sqlalchemy.engine.Engine: [cached since 2.574s ago] (3,)
2022-04-23 20:01:13,529 [INFO] sqlalchemy.engine.Engine: ROLLBACK
2022-04-23 20:01:13,936 [INFO] sqlalchemy.engine.Engine: BEGIN (implicit)
2022-04-23 20:01:13,936 [INFO] sqlalchemy.engine.Engine: SELECT users.is_active AS users_is_active, users.id AS users_id, users.email AS users_email, users.password AS users_password, users.about AS users_about, users.authenticated AS users_authenticated, users.registered_on AS users_registered_on, users.is_admin AS users_is_admin 
FROM users 
WHERE users.id = ?
2022-04-23 20:01:13,937 [INFO] sqlalchemy.engine.Engine: [cached since 3.001s ago] (3,)
2022-04-23 20:01:17,196 [INFO] sqlalchemy.engine.Engine: ROLLBACK
2022-04-23 20:01:17,203 [INFO] sqlalchemy.engine.Engine: BEGIN (implicit)
2022-04-23 20:01:17,203 [INFO] sqlalchemy.engine.Engine: SELECT users.is_active AS users_is_active, users.id AS users_id, users.email AS users_email, users.password AS users_password, users.about AS users_about, users.authenticated AS users_authenticated, users.registered_on AS users_registered_on, users.is_admin AS users_is_admin 
FROM users 
WHERE users.id = ?
2022-04-23 20:01:17,204 [INFO] sqlalchemy.engine.Engine: [cached since 6.268s ago] (3,)
2022-04-23 20:01:17,219 [INFO] sqlalchemy.engine.Engine: ROLLBACK
2022-04-23 20:01:17,296 [INFO] sqlalchemy.engine.Engine: BEGIN (implicit)
2022-04-23 20:01:17,297 [INFO] sqlalchemy.engine.Engine: SELECT users.is_active AS users_is_active, users.id AS users_id, users.email AS users_email, users.password AS users_password, users.about AS users_about, users.authenticated AS users_authenticated, users.registered_on AS users_registered_on, users.is_admin AS users_is_admin 
FROM users 
WHERE users.id = ?
2022-04-23 20:01:17,297 [INFO] sqlalchemy.engine.Engine: [cached since 6.361s ago] (3,)
